<?xml version="1.0" encoding="utf-8"?><testsuites name="pytest tests"><testsuite name="pytest" errors="0" failures="0" skipped="0" tests="25" time="2.195" timestamp="2026-03-04T11:05:49.192409+00:00" hostname="agent-env-97911d7c-39cf-4ede-9619-39b973e9f951"><testcase classname="backend.tests.test_procurement.TestProcurementAuth" name="test_ca_login" time="0.374" /><testcase classname="backend.tests.test_procurement.TestProcurementAuth" name="test_director_login" time="0.327" /><testcase classname="backend.tests.test_procurement.TestProcurementAccess" name="test_ca_access" time="0.108" /><testcase classname="backend.tests.test_procurement.TestProcurementAccess" name="test_director_access" time="0.107" /><testcase classname="backend.tests.test_procurement.TestQuotations" name="test_create_quotation" time="0.050" /><testcase classname="backend.tests.test_procurement.TestQuotations" name="test_list_quotations" time="0.050" /><testcase classname="backend.tests.test_procurement.TestQuotations" name="test_get_quotation" time="0.051" /><testcase classname="backend.tests.test_procurement.TestPurchaseOrders" name="test_generate_po" time="0.100" /><testcase classname="backend.tests.test_procurement.TestPurchaseOrders" name="test_list_pos" time="0.052" /><testcase classname="backend.tests.test_procurement.TestPurchaseOrders" name="test_get_po" time="0.062" /><testcase classname="backend.tests.test_procurement.TestPurchaseOrders" name="test_get_po_pdf" time="0.062" /><testcase classname="backend.tests.test_procurement.TestApprovals" name="test_get_pending_approvals_director" time="0.051" /><testcase classname="backend.tests.test_procurement.TestApprovals" name="test_approval_decision" time="0.119" /><testcase classname="backend.tests.test_procurement.TestGRN" name="test_list_grns" time="0.053" /><testcase classname="backend.tests.test_procurement.TestVouchers" name="test_list_vouchers" time="0.054" /><testcase classname="backend.tests.test_procurement.TestNotifications" name="test_get_notifications_ca" time="0.050" /><testcase classname="backend.tests.test_procurement.TestNotifications" name="test_get_unread_notifications" time="0.050" /><testcase classname="backend.tests.test_procurement.TestReports" name="test_export_po_register_csv" time="0.053" /><testcase classname="backend.tests.test_procurement.TestReports" name="test_export_payment_register_csv" time="0.047" /><testcase classname="backend.tests.test_procurement.TestReports" name="test_export_vendor_aging_csv" time="0.054" /><testcase classname="backend.tests.test_procurement.TestReports" name="test_export_gst_tds_csv" time="0.050" /><testcase classname="backend.tests.test_procurement.TestReports" name="test_export_po_register_xlsx" time="0.054" /><testcase classname="backend.tests.test_procurement.TestReports" name="test_export_po_register_pdf" time="0.053" /><testcase classname="backend.tests.test_procurement.TestAudit" name="test_get_audit_trail" time="0.050" /><testcase classname="backend.tests.test_procurement.TestCleanup" name="test_cleanup_test_data" time="0.054" /></testsuite></testsuites>