<?xml version="1.0" encoding="utf-8"?><testsuites name="pytest tests"><testsuite name="pytest" errors="0" failures="0" skipped="0" tests="50" time="4.015" timestamp="2026-02-16T11:03:58.573192+00:00" hostname="agent-env-2ff8656b-9e12-4b62-9348-e4c6e469d154"><testcase classname="backend.tests.test_api.TestHealthEndpoint" name="test_health_check" time="0.220" /><testcase classname="backend.tests.test_api.TestAuthEndpoints" name="test_auth_me_with_valid_session" time="0.060" /><testcase classname="backend.tests.test_api.TestAuthEndpoints" name="test_auth_me_without_session" time="0.111" /><testcase classname="backend.tests.test_api.TestDashboardEndpoints" name="test_dashboard_stats" time="0.079" /><testcase classname="backend.tests.test_api.TestEmployeesCRUD" name="test_create_employee" time="0.202" /><testcase classname="backend.tests.test_api.TestEmployeesCRUD" name="test_get_employees_list" time="0.060" /><testcase classname="backend.tests.test_api.TestEmployeesCRUD" name="test_get_employee_by_id" time="0.057" /><testcase classname="backend.tests.test_api.TestEmployeesCRUD" name="test_update_employee" time="0.110" /><testcase classname="backend.tests.test_api.TestEmployeesCRUD" name="test_delete_employee" time="0.120" /><testcase classname="backend.tests.test_api.TestAttendanceEndpoints" name="test_mark_attendance" time="0.052" /><testcase classname="backend.tests.test_api.TestAttendanceEndpoints" name="test_get_attendance_heatmap" time="0.056" /><testcase classname="backend.tests.test_api.TestAttendanceEndpoints" name="test_get_attendance_statistics" time="0.078" /><testcase classname="backend.tests.test_api.TestAttendanceEndpoints" name="test_search_attendance" time="0.093" /><testcase classname="backend.tests.test_api.TestLeaveRequestsCRUD" name="test_create_leave_request" time="0.073" /><testcase classname="backend.tests.test_api.TestLeaveRequestsCRUD" name="test_get_leave_requests" time="0.055" /><testcase classname="backend.tests.test_api.TestLeaveRequestsCRUD" name="test_update_leave_request_status" time="0.068" /><testcase classname="backend.tests.test_api.TestProjectsCRUD" name="test_create_project" time="0.111" /><testcase classname="backend.tests.test_api.TestProjectsCRUD" name="test_get_projects" time="0.050" /><testcase classname="backend.tests.test_api.TestProjectsCRUD" name="test_update_project" time="0.075" /><testcase classname="backend.tests.test_api.TestProjectsCRUD" name="test_delete_project" time="0.106" /><testcase classname="backend.tests.test_api.TestLabNotebookCRUD" name="test_create_notebook_entry" time="0.107" /><testcase classname="backend.tests.test_api.TestLabNotebookCRUD" name="test_get_notebook_entries" time="0.085" /><testcase classname="backend.tests.test_api.TestLabNotebookCRUD" name="test_delete_notebook_entry" time="0.074" /><testcase classname="backend.tests.test_api.TestInventoryEndpoints" name="test_create_inventory_item" time="0.063" /><testcase classname="backend.tests.test_api.TestInventoryEndpoints" name="test_get_inventory" time="0.059" /><testcase classname="backend.tests.test_api.TestInventoryEndpoints" name="test_delete_inventory_item" time="0.057" /><testcase classname="backend.tests.test_api.TestStationaryEndpoints" name="test_create_stationary_item" time="0.068" /><testcase classname="backend.tests.test_api.TestStationaryEndpoints" name="test_get_stationary" time="0.055" /><testcase classname="backend.tests.test_api.TestStationaryEndpoints" name="test_delete_stationary_item" time="0.056" /><testcase classname="backend.tests.test_api.TestEquipmentBookings" name="test_create_booking" time="0.073" /><testcase classname="backend.tests.test_api.TestEquipmentBookings" name="test_get_bookings" time="0.064" /><testcase classname="backend.tests.test_api.TestChatEndpoints" name="test_create_chat_group" time="0.062" /><testcase classname="backend.tests.test_api.TestChatEndpoints" name="test_get_chat_groups" time="0.052" /><testcase classname="backend.tests.test_api.TestChatEndpoints" name="test_send_message" time="0.056" /><testcase classname="backend.tests.test_api.TestChatEndpoints" name="test_get_messages" time="0.055" /><testcase classname="backend.tests.test_api.TestChatEndpoints" name="test_delete_chat_group" time="0.054" /><testcase classname="backend.tests.test_api.TestCalendarEndpoints" name="test_create_event" time="0.068" /><testcase classname="backend.tests.test_api.TestCalendarEndpoints" name="test_get_events" time="0.065" /><testcase classname="backend.tests.test_api.TestHelpdeskEndpoints" name="test_create_ticket" time="0.067" /><testcase classname="backend.tests.test_api.TestHelpdeskEndpoints" name="test_get_tickets" time="0.052" /><testcase classname="backend.tests.test_api.TestHelpdeskEndpoints" name="test_update_ticket" time="0.058" /><testcase classname="backend.tests.test_api.TestTasksEndpoints" name="test_create_task" time="0.060" /><testcase classname="backend.tests.test_api.TestTasksEndpoints" name="test_get_tasks" time="0.057" /><testcase classname="backend.tests.test_api.TestTasksEndpoints" name="test_update_task" time="0.056" /><testcase classname="backend.tests.test_api.TestTasksEndpoints" name="test_delete_task" time="0.053" /><testcase classname="backend.tests.test_api.TestAnnouncementsEndpoints" name="test_create_announcement" time="0.077" /><testcase classname="backend.tests.test_api.TestAnnouncementsEndpoints" name="test_get_announcements" time="0.092" /><testcase classname="backend.tests.test_api.TestAnnouncementsEndpoints" name="test_delete_announcement" time="0.059" /><testcase classname="backend.tests.test_api.TestNotificationsEndpoint" name="test_get_notifications" time="0.062" /><testcase classname="backend.tests.test_api.TestContactForm" name="test_submit_contact_form" time="0.196" /></testsuite></testsuites>